<?xml version="1.0" encoding="UTF-8"?>
<robot generator="Robot 6.0.2 (Python 3.11.4 on win32)" generated="20260320 16:48:26.232" rpa="false" schemaversion="3">
<suite id="s1" name="Test Pcie Device" source="d:\work1\testcases\test_pcie_device.robot">
<kw name="初始化测试环境" type="SETUP">
<doc>测试套件初始化</doc>
<kw name="Log To Console" library="BuiltIn">
<arg>开始执行PCIeDevice接口测试...</arg>
<doc>Logs the given message to the console.</doc>
<status status="PASS" starttime="20260320 16:48:26.344" endtime="20260320 16:48:26.344"/>
</kw>
<kw name="Create Redfish Session" library="redfish_keywords">
<doc>创建Redfish API会话</doc>
<kw name="Create List" library="BuiltIn">
<var>${auth}</var>
<arg>${REDFISH_USERNAME}</arg>
<arg>${REDFISH_PASSWORD}</arg>
<doc>Returns a list containing given items.</doc>
<msg timestamp="20260320 16:48:26.345" level="INFO">${auth} = ['admin', 'Password@_']</msg>
<status status="PASS" starttime="20260320 16:48:26.345" endtime="20260320 16:48:26.345"/>
</kw>
<kw name="Create Session" library="RequestsLibrary">
<arg>redfish_session</arg>
<arg>${REDFISH_BASE_URL}</arg>
<arg>auth=${auth}</arg>
<arg>verify=${False}</arg>
<doc>Create Session: create a HTTP session to a server</doc>
<msg timestamp="20260320 16:48:26.346" level="INFO">Creating Session using : alias=redfish_session, url=https://172.14.8.101, headers={},                     cookies={}, auth=&lt;requests.auth.HTTPBasicAuth object at 0x00000152920507D0&gt;, timeout=None, proxies=None, verify=False,                     debug=0 </msg>
<status status="PASS" starttime="20260320 16:48:26.345" endtime="20260320 16:48:26.346"/>
</kw>
<kw name="Set Global Variable" library="BuiltIn">
<arg>${REDFISH_SESSION}</arg>
<arg>redfish_session</arg>
<doc>Makes a variable available globally in all tests and suites.</doc>
<msg timestamp="20260320 16:48:26.346" level="INFO">${REDFISH_SESSION} = redfish_session</msg>
<status status="PASS" starttime="20260320 16:48:26.346" endtime="20260320 16:48:26.347"/>
</kw>
<status status="PASS" starttime="20260320 16:48:26.344" endtime="20260320 16:48:26.347"/>
</kw>
<kw name="Set Suite Variable" library="BuiltIn">
<arg>${EXPECTED_FIELDS}</arg>
<arg>${EXPECTED_FIELDS}</arg>
<doc>Makes a variable available everywhere within the scope of the current suite.</doc>
<msg timestamp="20260320 16:48:26.347" level="INFO">${EXPECTED_FIELDS} = ['@odata.id', '@odata.type', 'Id', 'Name', 'Description', 'Status', 'FirmwareVersion', 'Manufacturer', 'Model', 'SerialNumber', 'PartNumber']</msg>
<status status="PASS" starttime="20260320 16:48:26.347" endtime="20260320 16:48:26.347"/>
</kw>
<kw name="Set Suite Variable" library="BuiltIn">
<arg>${EXPECTED_STATUS}</arg>
<arg>${EXPECTED_STATUS}</arg>
<doc>Makes a variable available everywhere within the scope of the current suite.</doc>
<msg timestamp="20260320 16:48:26.348" level="INFO">${EXPECTED_STATUS} = {'State': 'Enabled', 'Health': 'OK'}</msg>
<status status="PASS" starttime="20260320 16:48:26.347" endtime="20260320 16:48:26.348"/>
</kw>
<status status="PASS" starttime="20260320 16:48:26.343" endtime="20260320 16:48:26.348"/>
</kw>
<test id="s1-t1" name="验证PCIeDevice接口数据完整性" line="31">
<kw name="当用户请求PCIeDevice接口">
<kw name="Get Redfish Resource" library="redfish_keywords">
<var>${response}</var>
<arg>${PCIEDEVICE_ENDPOINT}</arg>
<doc>获取Redfish资源</doc>
<kw name="GET On Session" library="RequestsLibrary">
<var>${response}</var>
<arg>redfish_session</arg>
<arg>${endpoint}</arg>
<doc>Sends a GET request on a previously created HTTP Session.</doc>
<msg timestamp="20260320 16:48:26.471" level="INFO">GET Request : url=https://172.14.8.101/redfish/v1/Chassis/1/PCIeDevices/11 
 path_url=/redfish/v1/Chassis/1/PCIeDevices/11 
 headers={'User-Agent': 'python-requests/2.28.2', 'Accept-Encoding': 'gzip, deflate', 'Accept': '*/*', 'Connection': 'keep-alive', 'Authorization': 'Basic YWRtaW46UGFzc3dvcmRAXw=='} 
 body=None 
 </msg>
<msg timestamp="20260320 16:48:26.471" level="INFO">GET Response : url=https://172.14.8.101/redfish/v1/Chassis/1/PCIeDevices/11 
 status=200, reason=OK 
 headers={'Allow': 'GET', 'Pragma': 'no-cache', 'Cache-Control': 'no-Store,no-Cache', 'Content-Type': 'application/json', 'Date': 'Fri, 20 Mar 2026 08:37:57 GMT', 'OData-Version': '4.0', 'Content-Length': '1369', 'Accept-Ranges': 'bytes', 'Server': 'web server', 'X-Download-Options': 'noopen', 'X-Permitted-Cross-Domain-Policies': 'value', 'Referrer-Policy': 'no-referrer', 'X-Content-Type-Options': 'nosniff', 'X-XSS-Protection': 'nosniff', 'Content-Security-Policy': "default-src 'self';         script-src 'self' 'unsafe-inline' 'unsafe-eval'; connect-src 'self' wss://*:* ws://*:*; img-src 'self' data:;         frame-src 'self'; font-src 'self' data:; object-src 'self'; style-src 'self' 'unsafe-inline';         frame-ancestors 'none'; worker-src blob: * 'data';", 'Strict-Transport-Security': 'value', 'X-Frame-Options': 'DENY'} 
 body={
  "@odata.context": "/redfish/v1/$metadata#PCIeDevice.PCIeDevice",
  "@odata.id": "/redfish/v1/Chassis/1/PCIeDevices/11",
  "@odata.type": "#PCIeDevice.v1_5_0.PCIeDevice",
  "CardManufacturer": "Vastai",
  "CardModel": "GPU-VA16-128GB-FHFL",
  "Description": "PCIe-11",
  "FirmwareVersion": "VA16-3.3.5R 7ba7",
  "Id": "PCIeCard11",
  "Links": {
    "Chassis": [
      {
        "@odata.id": "/redfish/v1/Chassis/1"
      }
    ],
    "PCIeFunctions": [
      {
        "@odata.id": "/redfish/v1/Chassis/1/PCIeDevices/11/Functions/1"
      }
    ]
  },
  "Manufacturer": "Vastai",
  "Model": "GPU-VA16-128GB-FHFL",
  "Name": "GPU-VA16-128GB-FHFL",
  "Oem": {
    "Public": {
      "ChipManufacturer": "Vastai",
      "ChipModel": "SV102",
      "CompletionCode": 0,
      "Description": "Success",
      "DeviceLocator": "PCIe Card11",
      "MemorySizeMiB": 131072,
      "MezzSlot": null,
      "PCIeCardType": "GPU",
      "Position": 11,
      "PowerCapacityWatts": 150,
      "PowerWatts": 22,
      "SlotMapping": null,
      "SlotNumber": 11
    }
  },
  "PCIeInterface": {
    "LanesInUse": 4,
    "MaxLanes": 4
  },
  "PartNumber": "PBV3XFMC8940",
  "SerialNumber": "FCBY53700196",
  "Status": {
    "Health": "OK",
    "Oem": {
      "Public": {
        "FaultDescription": "",
        "Severity": "Informational"
      }
    },
    "State": "Enabled"
  }
} 
 </msg>
<msg timestamp="20260320 16:48:26.471" level="INFO">C:\Python311\Lib\site-packages\urllib3\connectionpool.py:1045: InsecureRequestWarning: Unverified HTTPS request is being made to host '172.14.8.101'. Adding certificate verification is strongly advised. See: https://urllib3.readthedocs.io/en/1.26.x/advanced-usage.html#ssl-warnings
  warnings.warn(</msg>
<msg timestamp="20260320 16:48:26.472" level="INFO">${response} = &lt;Response [200]&gt;</msg>
<status status="PASS" starttime="20260320 16:48:26.349" endtime="20260320 16:48:26.472"/>
</kw>
<return>
<value>${response}</value>
<status status="PASS" starttime="20260320 16:48:26.472" endtime="20260320 16:48:26.472"/>
</return>
<msg timestamp="20260320 16:48:26.472" level="INFO">${response} = &lt;Response [200]&gt;</msg>
<status status="PASS" starttime="20260320 16:48:26.349" endtime="20260320 16:48:26.472"/>
</kw>
<kw name="Set Test Variable" library="BuiltIn">
<arg>${RESPONSE}</arg>
<arg>${response}</arg>
<doc>Makes a variable available everywhere within the scope of the current test.</doc>
<msg timestamp="20260320 16:48:26.473" level="INFO">${RESPONSE} = &lt;Response [200]&gt;</msg>
<status status="PASS" starttime="20260320 16:48:26.472" endtime="20260320 16:48:26.473"/>
</kw>
<kw name="Log Response Details" library="redfish_keywords">
<arg>${response}</arg>
<doc>记录响应详情</doc>
<kw name="Set Variable" library="BuiltIn">
<var>${json_data}</var>
<arg>${response.json()}</arg>
<doc>Returns the given values which can then be assigned to a variables.</doc>
<msg timestamp="20260320 16:48:26.473" level="INFO">${json_data} = {'@odata.context': '/redfish/v1/$metadata#PCIeDevice.PCIeDevice', '@odata.id': '/redfish/v1/Chassis/1/PCIeDevices/11', '@odata.type': '#PCIeDevice.v1_5_0.PCIeDevice', 'CardManufacturer': 'Vastai', 'Ca...</msg>
<status status="PASS" starttime="20260320 16:48:26.473" endtime="20260320 16:48:26.473"/>
</kw>
<kw name="Log To Console" library="BuiltIn">
<arg>\n=== 响应详情 ===</arg>
<doc>Logs the given message to the console.</doc>
<status status="PASS" starttime="20260320 16:48:26.474" endtime="20260320 16:48:26.474"/>
</kw>
<kw name="Log To Console" library="BuiltIn">
<arg>状态码: ${response.status_code}</arg>
<doc>Logs the given message to the console.</doc>
<status status="PASS" starttime="20260320 16:48:26.474" endtime="20260320 16:48:26.475"/>
</kw>
<kw name="Log To Console" library="BuiltIn">
<arg>响应时间: ${response.elapsed.total_seconds()}秒</arg>
<doc>Logs the given message to the console.</doc>
<status status="PASS" starttime="20260320 16:48:26.475" endtime="20260320 16:48:26.475"/>
</kw>
<kw name="Log To Console" library="BuiltIn">
<arg>数据ID: ${json_data.get('Id', 'N/A')}</arg>
<doc>Logs the given message to the console.</doc>
<status status="PASS" starttime="20260320 16:48:26.475" endtime="20260320 16:48:26.476"/>
</kw>
<kw name="Log To Console" library="BuiltIn">
<arg>名称: ${json_data.get('Name', 'N/A')}</arg>
<doc>Logs the given message to the console.</doc>
<status status="PASS" starttime="20260320 16:48:26.476" endtime="20260320 16:48:26.477"/>
</kw>
<kw name="Log To Console" library="BuiltIn">
<arg>状态: ${json_data.get('Status', {}).get('State', 'N/A')}/${json_data.get('Status', {}).get('Health', 'N/A')}</arg>
<doc>Logs the given message to the console.</doc>
<status status="PASS" starttime="20260320 16:48:26.477" endtime="20260320 16:48:26.478"/>
</kw>
<kw name="Log To Console" library="BuiltIn">
<arg>================\n</arg>
<doc>Logs the given message to the console.</doc>
<status status="PASS" starttime="20260320 16:48:26.478" endtime="20260320 16:48:26.478"/>
</kw>
<status status="PASS" starttime="20260320 16:48:26.473" endtime="20260320 16:48:26.478"/>
</kw>
<status status="PASS" starttime="20260320 16:48:26.349" endtime="20260320 16:48:26.478"/>
</kw>
<kw name="那么@odata.id字段应匹配端点">
<kw name="Set Variable" library="BuiltIn">
<var>${json_data}</var>
<arg>${RESPONSE.json()}</arg>
<doc>Returns the given values which can then be assigned to a variables.</doc>
<msg timestamp="20260320 16:48:26.479" level="INFO">${json_data} = {'@odata.context': '/redfish/v1/$metadata#PCIeDevice.PCIeDevice', '@odata.id': '/redfish/v1/Chassis/1/PCIeDevices/11', '@odata.type': '#PCIeDevice.v1_5_0.PCIeDevice', 'CardManufacturer': 'Vastai', 'Ca...</msg>
<status status="PASS" starttime="20260320 16:48:26.479" endtime="20260320 16:48:26.479"/>
</kw>
<kw name="Get From Dictionary" library="Collections">
<var>${odata_id}</var>
<arg>${json_data}</arg>
<arg>@odata.id</arg>
<doc>Returns a value from the given ``dictionary`` based on the given ``key``.</doc>
<msg timestamp="20260320 16:48:26.480" level="INFO">${odata_id} = /redfish/v1/Chassis/1/PCIeDevices/11</msg>
<status status="PASS" starttime="20260320 16:48:26.479" endtime="20260320 16:48:26.480"/>
</kw>
<kw name="Should Contain" library="BuiltIn">
<arg>${odata_id}</arg>
<arg>/redfish/v1/Chassis/1/PCIeDevices/11</arg>
<arg>msg=@odata.id字段不匹配预期端点</arg>
<doc>Fails if ``container`` does not contain ``item`` one or more times.</doc>
<status status="PASS" starttime="20260320 16:48:26.480" endtime="20260320 16:48:26.480"/>
</kw>
<status status="PASS" starttime="20260320 16:48:26.479" endtime="20260320 16:48:26.480"/>
</kw>
<kw name="并且@odata.type字段应包含PCIeDevice">
<kw name="Set Variable" library="BuiltIn">
<var>${json_data}</var>
<arg>${RESPONSE.json()}</arg>
<doc>Returns the given values which can then be assigned to a variables.</doc>
<msg timestamp="20260320 16:48:26.481" level="INFO">${json_data} = {'@odata.context': '/redfish/v1/$metadata#PCIeDevice.PCIeDevice', '@odata.id': '/redfish/v1/Chassis/1/PCIeDevices/11', '@odata.type': '#PCIeDevice.v1_5_0.PCIeDevice', 'CardManufacturer': 'Vastai', 'Ca...</msg>
<status status="PASS" starttime="20260320 16:48:26.480" endtime="20260320 16:48:26.481"/>
</kw>
<kw name="Get From Dictionary" library="Collections">
<var>${odata_type}</var>
<arg>${json_data}</arg>
<arg>@odata.type</arg>
<doc>Returns a value from the given ``dictionary`` based on the given ``key``.</doc>
<msg timestamp="20260320 16:48:26.481" level="INFO">${odata_type} = #PCIeDevice.v1_5_0.PCIeDevice</msg>
<status status="PASS" starttime="20260320 16:48:26.481" endtime="20260320 16:48:26.481"/>
</kw>
<kw name="Should Contain" library="BuiltIn">
<arg>${odata_type}</arg>
<arg>PCIeDevice</arg>
<arg>msg=@odata.type字段不包含PCIeDevice</arg>
<doc>Fails if ``container`` does not contain ``item`` one or more times.</doc>
<status status="PASS" starttime="20260320 16:48:26.481" endtime="20260320 16:48:26.481"/>
</kw>
<status status="PASS" starttime="20260320 16:48:26.480" endtime="20260320 16:48:26.481"/>
</kw>
<doc>验证PCIeDevice接口返回的数据完整性</doc>
<tag>api</tag>
<tag>functional</tag>
<tag>pcie</tag>
<status status="PASS" starttime="20260320 16:48:26.348" endtime="20260320 16:48:26.482"/>
</test>
<kw name="清理测试环境" type="TEARDOWN">
<doc>测试套件清理</doc>
<kw name="Delete All Sessions" library="RequestsLibrary">
<doc>Removes all the session objects</doc>
<msg timestamp="20260320 16:48:26.483" level="INFO">Deleting All Sessions</msg>
<status status="PASS" starttime="20260320 16:48:26.483" endtime="20260320 16:48:26.484"/>
</kw>
<kw name="Log To Console" library="BuiltIn">
<arg>PCIeDevice接口测试执行完成！</arg>
<doc>Logs the given message to the console.</doc>
<status status="PASS" starttime="20260320 16:48:26.485" endtime="20260320 16:48:26.485"/>
</kw>
<status status="PASS" starttime="20260320 16:48:26.483" endtime="20260320 16:48:26.485"/>
</kw>
<doc>Redfish API测试 - PCIeDevice接口</doc>
<status status="PASS" starttime="20260320 16:48:26.235" endtime="20260320 16:48:26.485"/>
</suite>
<statistics>
<total>
<stat pass="1" fail="0" skip="0">All Tests</stat>
</total>
<tag>
<stat pass="1" fail="0" skip="0">api</stat>
<stat pass="1" fail="0" skip="0">functional</stat>
<stat pass="1" fail="0" skip="0">pcie</stat>
</tag>
<suite>
<stat pass="1" fail="0" skip="0" id="s1" name="Test Pcie Device">Test Pcie Device</stat>
</suite>
</statistics>
<errors>
<msg timestamp="20260320 16:48:26.335" level="ERROR">Error in file 'd:\work1\keywords\redfish_keywords.robot' on line 6: Importing library 'JSONLibrary' failed: ModuleNotFoundError: No module named 'JSONLibrary'
Traceback (most recent call last):
  None
PYTHONPATH:
  D:\vtp_next_robot_hdm_g6\resource\python
  C:\Python311\Lib\site-packages\robotframework_debug_adapter
  D:\work1
  C:\Python311\Lib\site-packages
  C:\Python311\Lib\site-packages\robotframework_ls\vendored
  C:\Python311\python311.zip
  C:\Python311\DLLs
  C:\Python311\Lib
  C:\Python311
  C:\Python311\Lib\site-packages\win32
  C:\Python311\Lib\site-packages\win32\lib
  C:\Python311\Lib\site-packages\Pythonwin</msg>
<msg timestamp="20260320 16:48:26.342" level="ERROR">Error in file 'd:\work1\testcases\test_pcie_device.robot' on line 7: Importing library 'JSONLibrary' failed: ModuleNotFoundError: No module named 'JSONLibrary'
Traceback (most recent call last):
  None
PYTHONPATH:
  D:\vtp_next_robot_hdm_g6\resource\python
  C:\Python311\Lib\site-packages\robotframework_debug_adapter
  D:\work1
  C:\Python311\Lib\site-packages
  C:\Python311\Lib\site-packages\robotframework_ls\vendored
  C:\Python311\python311.zip
  C:\Python311\DLLs
  C:\Python311\Lib
  C:\Python311
  C:\Python311\Lib\site-packages\win32
  C:\Python311\Lib\site-packages\win32\lib
  C:\Python311\Lib\site-packages\Pythonwin</msg>
</errors>
</robot>
