<?xml version="1.0" encoding="UTF-8"?>
<robot generator="Robot 7.4.2 (Python 3.12.3 on win32)" generated="2026-03-19T18:03:44.839645" rpa="false" schemaversion="5">
<suite id="s1" name="Run All Tests" source="D:\work1\testcases\run_all_tests.robot">
<test id="s1-t1" name="运行所有PCIeDevice测试" line="11">
<kw name="运行测试目录">
<kw name="Log To Console" owner="BuiltIn">
<arg>开始执行${test_suite_name}...</arg>
<doc>Logs the given message to the console.</doc>
<status status="PASS" start="2026-03-19T18:03:44.873532" elapsed="0.000000"/>
</kw>
<kw name="Create Directory" owner="OperatingSystem">
<msg time="2026-03-19T18:03:44.874528" level="INFO" html="true">Directory '&lt;a href="file://D:\work1\results"&gt;D:\work1\results&lt;/a&gt;' already exists.</msg>
<arg>${OUTPUTDIR}</arg>
<doc>Creates the specified directory.</doc>
<status status="PASS" start="2026-03-19T18:03:44.874528" elapsed="0.000000"/>
</kw>
<kw name="Join Path" owner="OperatingSystem">
<msg time="2026-03-19T18:03:44.874528" level="INFO">${subtests_dir} = D:\work1\results\subtests</msg>
<var>${subtests_dir}</var>
<arg>${OUTPUTDIR}</arg>
<arg>${SUBTESTS_DIR}</arg>
<doc>Joins the given path part(s) to the given base path.</doc>
<status status="PASS" start="2026-03-19T18:03:44.874528" elapsed="0.000000"/>
</kw>
<kw name="Create Directory" owner="OperatingSystem">
<msg time="2026-03-19T18:03:44.874528" level="INFO" html="true">Created directory '&lt;a href="file://D:\work1\results\subtests"&gt;D:\work1\results\subtests&lt;/a&gt;'.</msg>
<arg>${subtests_dir}</arg>
<doc>Creates the specified directory.</doc>
<status status="PASS" start="2026-03-19T18:03:44.874528" elapsed="0.000000"/>
</kw>
<kw name="Run Process" owner="Process">
<msg time="2026-03-19T18:03:44.875520" level="INFO">Starting process:
robot --outputdir D:\work1\results\subtests --name 所有PCIeDevice测试 --exclude run-all-tests .</msg>
<msg time="2026-03-19T18:03:44.880509" level="INFO">Waiting for process to complete.</msg>
<msg time="2026-03-19T18:03:45.967046" level="INFO">Process completed.</msg>
<msg time="2026-03-19T18:03:45.967046" level="INFO">${result} = &lt;result object with rc 0&gt;</msg>
<var>${result}</var>
<arg>${ROBOT_COMMAND}</arg>
<arg>--outputdir</arg>
<arg>${subtests_dir}</arg>
<arg>--name</arg>
<arg>${test_suite_name}</arg>
<arg>--exclude</arg>
<arg>run-all-tests</arg>
<arg>.</arg>
<arg>stdout=${subtests_dir}/stdout.log</arg>
<arg>stderr=${subtests_dir}/stderr.log</arg>
<doc>Runs a process and waits for it to complete.</doc>
<status status="PASS" start="2026-03-19T18:03:44.874528" elapsed="1.092518"/>
</kw>
<kw name="Log To Console" owner="BuiltIn">
<arg>测试执行完成！</arg>
<doc>Logs the given message to the console.</doc>
<status status="PASS" start="2026-03-19T18:03:45.967046" elapsed="0.000000"/>
</kw>
<kw name="Log To Console" owner="BuiltIn">
<arg>退出码: ${result.rc}</arg>
<doc>Logs the given message to the console.</doc>
<status status="PASS" start="2026-03-19T18:03:45.967046" elapsed="0.000997"/>
</kw>
<kw name="Log To Console" owner="BuiltIn">
<arg>标准输出: ${result.stdout}</arg>
<doc>Logs the given message to the console.</doc>
<status status="PASS" start="2026-03-19T18:03:45.968043" elapsed="0.000000"/>
</kw>
<kw name="Log To Console" owner="BuiltIn">
<arg>标准错误: ${result.stderr}</arg>
<doc>Logs the given message to the console.</doc>
<status status="PASS" start="2026-03-19T18:03:45.968043" elapsed="0.000999"/>
</kw>
<kw name="Run Keyword If" owner="BuiltIn">
<arg>${result.rc} != 0</arg>
<arg>Log To Console</arg>
<arg>警告：测试执行有失败，退出码: ${result.rc}</arg>
<doc>Runs the given keyword with the given arguments, if ``condition`` is true.</doc>
<status status="PASS" start="2026-03-19T18:03:45.969042" elapsed="0.000000"/>
</kw>
<kw name="Run Keyword If" owner="BuiltIn">
<kw name="Log To Console" owner="BuiltIn">
<arg>所有测试执行成功！</arg>
<doc>Logs the given message to the console.</doc>
<status status="PASS" start="2026-03-19T18:03:45.970039" elapsed="0.000000"/>
</kw>
<arg>${result.rc} == 0</arg>
<arg>Log To Console</arg>
<arg>所有测试执行成功！</arg>
<doc>Runs the given keyword with the given arguments, if ``condition`` is true.</doc>
<status status="PASS" start="2026-03-19T18:03:45.969042" elapsed="0.000997"/>
</kw>
<kw name="Log To Console" owner="BuiltIn">
<arg>测试执行完成！主报告在 ${OUTPUTDIR}/，详细测试报告在 ${OUTPUTDIR}/${SUBTESTS_DIR}/ 目录</arg>
<doc>Logs the given message to the console.</doc>
<status status="PASS" start="2026-03-19T18:03:45.970039" elapsed="0.000000"/>
</kw>
<arg>所有PCIeDevice测试</arg>
<doc>运行指定目录下的所有测试</doc>
<status status="PASS" start="2026-03-19T18:03:44.873532" elapsed="1.096507"/>
</kw>
<doc>执行所有PCIeDevice相关测试</doc>
<tag>run-all-tests</tag>
<status status="PASS" start="2026-03-19T18:03:44.872533" elapsed="1.097506"/>
</test>
<doc>Redfish API测试主套件</doc>
<status status="PASS" start="2026-03-19T18:03:44.840637" elapsed="1.129402"/>
</suite>
<statistics>
<total>
<stat pass="1" fail="0" skip="0">All Tests</stat>
</total>
<tag>
<stat pass="1" fail="0" skip="0">run-all-tests</stat>
</tag>
<suite>
<stat name="Run All Tests" id="s1" pass="1" fail="0" skip="0">Run All Tests</stat>
</suite>
</statistics>
<errors>
</errors>
</robot>
